[    4028ms] [INFO] %cDownload the React DevTools for a better development experience: https://react.dev/link/react-devtools font-weight:bold @ http://localhost:3001/_next/static/chunks/01vs_next_dist_0z7rf41._.js:2477
[    4132ms] [LOG] [HMR] connected @ http://localhost:3001/_next/static/chunks/01vs_next_dist_0z7rf41._.js:2477
[    4487ms] [WARNING] Please ensure that the container has a non-static position, like 'relative', 'fixed', or 'absolute' to ensure scroll offset is calculated correctly. @ http://localhost:3001/_next/static/chunks/01vs_next_dist_0z7rf41._.js:2477
[    5960ms] [ERROR] WebSocket connection to 'ws://localhost:3001/_next/webpack-hmr?id=odw12yrI0SEMkvWAMDAGK' failed:  @ http://localhost:3001/_next/static/chunks/01vs_next_dist_client_10-2.sc._.js:13322
[    6966ms] [LOG] [HMR] connected @ http://localhost:3001/_next/static/chunks/01vs_next_dist_0z7rf41._.js:2477
[   21809ms] [ERROR] WebSocket connection to 'ws://localhost:3001/_next/webpack-hmr?id=odw12yrI0SEMkvWAMDAGK' failed: Error in connection establishment: net::ERR_CONNECTION_REFUSED @ http://localhost:3001/_next/static/chunks/01vs_next_dist_client_10-2.sc._.js:13322
[   22810ms] [ERROR] WebSocket connection to 'ws://localhost:3001/_next/webpack-hmr?id=odw12yrI0SEMkvWAMDAGK' failed: Error in connection establishment: net::ERR_CONNECTION_REFUSED @ http://localhost:3001/_next/static/chunks/01vs_next_dist_client_10-2.sc._.js:13322
[   23818ms] [ERROR] WebSocket connection to 'ws://localhost:3001/_next/webpack-hmr?id=odw12yrI0SEMkvWAMDAGK' failed: Error in connection establishment: net::ERR_CONNECTION_REFUSED @ http://localhost:3001/_next/static/chunks/01vs_next_dist_client_10-2.sc._.js:13322
[   24820ms] [ERROR] WebSocket connection to 'ws://localhost:3001/_next/webpack-hmr?id=odw12yrI0SEMkvWAMDAGK' failed: Error in connection establishment: net::ERR_CONNECTION_REFUSED @ http://localhost:3001/_next/static/chunks/01vs_next_dist_client_10-2.sc._.js:13322
[   25821ms] [ERROR] WebSocket connection to 'ws://localhost:3001/_next/webpack-hmr?id=odw12yrI0SEMkvWAMDAGK' failed: Error in connection establishment: net::ERR_CONNECTION_REFUSED @ http://localhost:3001/_next/static/chunks/01vs_next_dist_client_10-2.sc._.js:13322
[   26665ms] [ERROR] Failed to load resource: net::ERR_CONNECTION_REFUSED @ http://localhost:3001/about?_rsc=2Md0sTUZcnjCijMr:0
[   26666ms] [ERROR] Failed to fetch RSC payload for http://localhost:3001/about. Falling back to browser navigation. TypeError: Failed to fetch
    at createFetch (http://localhost:3001/_next/static/chunks/01vs_next_dist_client_10-2.sc._.js:8107:21)
    at async fetchServerResponse (http://localhost:3001/_next/static/chunks/01vs_next_dist_client_10-2.sc._.js:7951:21)
    at async navigateToUnknownRoute (http://localhost:3001/_next/static/chunks/01vs_next_dist_client_10-2.sc._.js:10121:20) @ http://localhost:3001/_next/static/chunks/01vs_next_dist_0z7rf41._.js:3318
[17021846ms] [INFO] %cDownload the React DevTools for a better development experience: https://react.dev/link/react-devtools font-weight:bold @ http://localhost:3001/_next/static/chunks/01vs_next_dist_0z7rf41._.js:2477
[17021946ms] [LOG] [HMR] connected @ http://localhost:3001/_next/static/chunks/01vs_next_dist_0z7rf41._.js:2477
[17022250ms] [WARNING] Please ensure that the container has a non-static position, like 'relative', 'fixed', or 'absolute' to ensure scroll offset is calculated correctly. @ http://localhost:3001/_next/static/chunks/01vs_next_dist_0z7rf41._.js:2477
[17026397ms] [LOG] [Fast Refresh] rebuilding @ http://localhost:3001/_next/static/chunks/01vs_next_dist_0z7rf41._.js:2477
[17026420ms] [LOG] [Fast Refresh] done in 123ms @ http://localhost:3001/_next/static/chunks/01vs_next_dist_0z7rf41._.js:2477
[17033869ms] [LOG] [Fast Refresh] rebuilding @ http://localhost:3001/_next/static/chunks/01vs_next_dist_0z7rf41._.js:2477
[17033892ms] [LOG] [Fast Refresh] done in 123ms @ http://localhost:3001/_next/static/chunks/01vs_next_dist_0z7rf41._.js:2477
[17078970ms] [LOG] [Fast Refresh] rebuilding @ http://localhost:3001/_next/static/chunks/01vs_next_dist_0z7rf41._.js:2477
[17079012ms] [LOG] [Fast Refresh] done in 142ms @ http://localhost:3001/_next/static/chunks/01vs_next_dist_0z7rf41._.js:2477
[17103660ms] [LOG] [Fast Refresh] rebuilding @ http://localhost:3001/_next/static/chunks/01vs_next_dist_0z7rf41._.js:2477
[17104698ms] [LOG] [Fast Refresh] done in 1138ms @ http://localhost:3001/_next/static/chunks/01vs_next_dist_0z7rf41._.js:2477
[17122279ms] [LOG] [Fast Refresh] rebuilding @ http://localhost:3001/_next/static/chunks/01vs_next_dist_0z7rf41._.js:2477
[17122301ms] [LOG] [Fast Refresh] done in 49ms @ http://localhost:3001/_next/static/chunks/01vs_next_dist_0z7rf41._.js:2477
[17145461ms] [LOG] [Fast Refresh] rebuilding @ http://localhost:3001/_next/static/chunks/01vs_next_dist_0z7rf41._.js:2477
[17145483ms] [LOG] [Fast Refresh] done in 123ms @ http://localhost:3001/_next/static/chunks/01vs_next_dist_0z7rf41._.js:2477
[17145601ms] [INFO] %cDownload the React DevTools for a better development experience: https://react.dev/link/react-devtools font-weight:bold @ http://localhost:3001/_next/static/chunks/01vs_next_dist_0z7rf41._.js:2477
[17145626ms] [LOG] [HMR] connected @ http://localhost:3001/_next/static/chunks/01vs_next_dist_0z7rf41._.js:2477
[17145923ms] [WARNING] Please ensure that the container has a non-static position, like 'relative', 'fixed', or 'absolute' to ensure scroll offset is calculated correctly. @ http://localhost:3001/_next/static/chunks/01vs_next_dist_0z7rf41._.js:2477
[17149577ms] [LOG] [Fast Refresh] rebuilding @ http://localhost:3001/_next/static/chunks/01vs_next_dist_0z7rf41._.js:2477
[17149597ms] [LOG] [Fast Refresh] done in 119ms @ http://localhost:3001/_next/static/chunks/01vs_next_dist_0z7rf41._.js:2477
[17149840ms] [LOG] [Fast Refresh] rebuilding @ http://localhost:3001/_next/static/chunks/01vs_next_dist_0z7rf41._.js:2477
[17149856ms] [LOG] [Fast Refresh] done in 116ms @ http://localhost:3001/_next/static/chunks/01vs_next_dist_0z7rf41._.js:2477
[17155329ms] [LOG] [Fast Refresh] rebuilding @ http://localhost:3001/_next/static/chunks/01vs_next_dist_0z7rf41._.js:2477
[17155338ms] [LOG] [Fast Refresh] done in 109ms @ http://localhost:3001/_next/static/chunks/01vs_next_dist_0z7rf41._.js:2477
[17169171ms] [ERROR] WebSocket connection to 'ws://localhost:3001/_next/webpack-hmr?id=16K3grMaZO3El3KikLFZm' failed: Error in connection establishment: net::ERR_CONNECTION_REFUSED @ http://localhost:3001/_next/static/chunks/01vs_next_dist_client_10-2.sc._.js:13322
[17170173ms] [ERROR] WebSocket connection to 'ws://localhost:3001/_next/webpack-hmr?id=16K3grMaZO3El3KikLFZm' failed: Error in connection establishment: net::ERR_CONNECTION_REFUSED @ http://localhost:3001/_next/static/chunks/01vs_next_dist_client_10-2.sc._.js:13322
[17171175ms] [ERROR] WebSocket connection to 'ws://localhost:3001/_next/webpack-hmr?id=16K3grMaZO3El3KikLFZm' failed: Error in connection establishment: net::ERR_CONNECTION_REFUSED @ http://localhost:3001/_next/static/chunks/01vs_next_dist_client_10-2.sc._.js:13322
[17172177ms] [ERROR] WebSocket connection to 'ws://localhost:3001/_next/webpack-hmr?id=16K3grMaZO3El3KikLFZm' failed: Error in connection establishment: net::ERR_CONNECTION_REFUSED @ http://localhost:3001/_next/static/chunks/01vs_next_dist_client_10-2.sc._.js:13322
[17173179ms] [ERROR] WebSocket connection to 'ws://localhost:3001/_next/webpack-hmr?id=16K3grMaZO3El3KikLFZm' failed: Error in connection establishment: net::ERR_CONNECTION_REFUSED @ http://localhost:3001/_next/static/chunks/01vs_next_dist_client_10-2.sc._.js:13322
[17178181ms] [ERROR] WebSocket connection to 'ws://localhost:3001/_next/webpack-hmr?id=16K3grMaZO3El3KikLFZm' failed: Error in connection establishment: net::ERR_CONNECTION_REFUSED @ http://localhost:3001/_next/static/chunks/01vs_next_dist_client_10-2.sc._.js:13322
[17183183ms] [ERROR] WebSocket connection to 'ws://localhost:3001/_next/webpack-hmr?id=16K3grMaZO3El3KikLFZm' failed: Error in connection establishment: net::ERR_CONNECTION_REFUSED @ http://localhost:3001/_next/static/chunks/01vs_next_dist_client_10-2.sc._.js:13322
[17188185ms] [ERROR] WebSocket connection to 'ws://localhost:3001/_next/webpack-hmr?id=16K3grMaZO3El3KikLFZm' failed: Error in connection establishment: net::ERR_CONNECTION_REFUSED @ http://localhost:3001/_next/static/chunks/01vs_next_dist_client_10-2.sc._.js:13322
[17193187ms] [ERROR] WebSocket connection to 'ws://localhost:3001/_next/webpack-hmr?id=16K3grMaZO3El3KikLFZm' failed: Error in connection establishment: net::ERR_CONNECTION_REFUSED @ http://localhost:3001/_next/static/chunks/01vs_next_dist_client_10-2.sc._.js:13322
[17198191ms] [ERROR] WebSocket connection to 'ws://localhost:3001/_next/webpack-hmr?id=16K3grMaZO3El3KikLFZm' failed: Error in connection establishment: net::ERR_CONNECTION_REFUSED @ http://localhost:3001/_next/static/chunks/01vs_next_dist_client_10-2.sc._.js:13322
[17203196ms] [ERROR] WebSocket connection to 'ws://localhost:3001/_next/webpack-hmr?id=16K3grMaZO3El3KikLFZm' failed: Error in connection establishment: net::ERR_CONNECTION_REFUSED @ http://localhost:3001/_next/static/chunks/01vs_next_dist_client_10-2.sc._.js:13322
[17208199ms] [ERROR] WebSocket connection to 'ws://localhost:3001/_next/webpack-hmr?id=16K3grMaZO3El3KikLFZm' failed: Error in connection establishment: net::ERR_CONNECTION_REFUSED @ http://localhost:3001/_next/static/chunks/01vs_next_dist_client_10-2.sc._.js:13322
[19067375ms] [INFO] %cDownload the React DevTools for a better development experience: https://react.dev/link/react-devtools font-weight:bold @ http://localhost:3001/_next/static/chunks/01vs_next_dist_0z7rf41._.js:2477
[19067413ms] [LOG] [HMR] connected @ http://localhost:3001/_next/static/chunks/01vs_next_dist_0z7rf41._.js:2477
[19067715ms] [WARNING] Please ensure that the container has a non-static position, like 'relative', 'fixed', or 'absolute' to ensure scroll offset is calculated correctly. @ http://localhost:3001/_next/static/chunks/01vs_next_dist_0z7rf41._.js:2477
[19115867ms] [LOG] [Fast Refresh] rebuilding @ http://localhost:3001/_next/static/chunks/01vs_next_dist_0z7rf41._.js:2477
[19116142ms] [LOG] [Fast Refresh] done in 358ms @ http://localhost:3001/_next/static/chunks/01vs_next_dist_0z7rf41._.js:2477
[19138825ms] [LOG] [Fast Refresh] rebuilding @ http://localhost:3001/_next/static/chunks/01vs_next_dist_0z7rf41._.js:2477
[19138861ms] [LOG] [Fast Refresh] done in 136ms @ http://localhost:3001/_next/static/chunks/01vs_next_dist_0z7rf41._.js:2477
[19251046ms] [LOG] [Fast Refresh] rebuilding @ http://localhost:3001/_next/static/chunks/01vs_next_dist_0z7rf41._.js:2477
[19251211ms] [LOG] [Fast Refresh] done in 244ms @ http://localhost:3001/_next/static/chunks/01vs_next_dist_0z7rf41._.js:2477
[19255830ms] [LOG] [Fast Refresh] rebuilding @ http://localhost:3001/_next/static/chunks/01vs_next_dist_0z7rf41._.js:2477
[19255855ms] [LOG] [Fast Refresh] done in 49ms @ http://localhost:3001/_next/static/chunks/01vs_next_dist_0z7rf41._.js:2477
[56208913ms] [LOG] [HMR] connected @ http://localhost:3001/_next/static/chunks/01vs_next_dist_0z7rf41._.js:2477
[56209055ms] [LOG] [Fast Refresh] done in 49ms @ http://localhost:3001/_next/static/chunks/01vs_next_dist_0z7rf41._.js:2477
[56268222ms] [LOG] [Fast Refresh] rebuilding @ http://localhost:3001/_next/static/chunks/01vs_next_dist_0z7rf41._.js:2477
[56268395ms] [LOG] [Fast Refresh] done in 275ms @ http://localhost:3001/_next/static/chunks/01vs_next_dist_0z7rf41._.js:2477
[56270129ms] [LOG] [Fast Refresh] rebuilding @ http://localhost:3001/_next/static/chunks/01vs_next_dist_0z7rf41._.js:2477
[56270143ms] [LOG] [Fast Refresh] done in 115ms @ http://localhost:3001/_next/static/chunks/01vs_next_dist_0z7rf41._.js:2477
