[     112ms] [LOG] [Fast Refresh] rebuilding @ http://localhost:3000/_next/static/chunks/01vs_next_dist_0z7rf41._.js:2477
[     123ms] [LOG] [Fast Refresh] done in 112ms @ http://localhost:3000/_next/static/chunks/01vs_next_dist_0z7rf41._.js:2477
[     216ms] [INFO] %cDownload the React DevTools for a better development experience: https://react.dev/link/react-devtools font-weight:bold @ http://localhost:3000/_next/static/chunks/01vs_next_dist_0z7rf41._.js:2477
[     240ms] [LOG] [HMR] connected @ http://localhost:3000/_next/static/chunks/01vs_next_dist_0z7rf41._.js:2477
[     495ms] [LOG] [Fast Refresh] rebuilding @ http://localhost:3000/_next/static/chunks/01vs_next_dist_0z7rf41._.js:2477
[     506ms] [LOG] [Fast Refresh] done in 121ms @ http://localhost:3000/_next/static/chunks/01vs_next_dist_0z7rf41._.js:2477
[     593ms] [WARNING] Please ensure that the container has a non-static position, like 'relative', 'fixed', or 'absolute' to ensure scroll offset is calculated correctly. @ http://localhost:3000/_next/static/chunks/01vs_next_dist_0z7rf41._.js:2477
[   64577ms] [LOG] [Fast Refresh] rebuilding @ http://localhost:3000/_next/static/chunks/01vs_next_dist_0z7rf41._.js:2477
[   65391ms] [LOG] [Fast Refresh] done in 915ms @ http://localhost:3000/_next/static/chunks/01vs_next_dist_0z7rf41._.js:2477
[   66663ms] [ERROR] WebSocket connection to 'ws://localhost:3000/_next/webpack-hmr?id=EAIeO-ViyzawLkG9hbMjW' failed: Error in connection establishment: net::ERR_CONNECTION_REFUSED @ http://localhost:3000/_next/static/chunks/01vs_next_dist_client_10-2.sc._.js:13322
[   67668ms] [ERROR] WebSocket connection to 'ws://localhost:3000/_next/webpack-hmr?id=EAIeO-ViyzawLkG9hbMjW' failed: Error during WebSocket handshake: Unexpected response code: 404 @ http://localhost:3000/_next/static/chunks/01vs_next_dist_client_10-2.sc._.js:13322
[   68675ms] [ERROR] WebSocket connection to 'ws://localhost:3000/_next/webpack-hmr?id=EAIeO-ViyzawLkG9hbMjW' failed: Error during WebSocket handshake: Unexpected response code: 404 @ http://localhost:3000/_next/static/chunks/01vs_next_dist_client_10-2.sc._.js:13322
[   69679ms] [ERROR] WebSocket connection to 'ws://localhost:3000/_next/webpack-hmr?id=EAIeO-ViyzawLkG9hbMjW' failed: Error during WebSocket handshake: Unexpected response code: 404 @ http://localhost:3000/_next/static/chunks/01vs_next_dist_client_10-2.sc._.js:13322
[   70683ms] [ERROR] WebSocket connection to 'ws://localhost:3000/_next/webpack-hmr?id=EAIeO-ViyzawLkG9hbMjW' failed: Error during WebSocket handshake: Unexpected response code: 404 @ http://localhost:3000/_next/static/chunks/01vs_next_dist_client_10-2.sc._.js:13322
[   75690ms] [ERROR] WebSocket connection to 'ws://localhost:3000/_next/webpack-hmr?id=EAIeO-ViyzawLkG9hbMjW' failed: Error during WebSocket handshake: Unexpected response code: 404 @ http://localhost:3000/_next/static/chunks/01vs_next_dist_client_10-2.sc._.js:13322
[   77941ms] [ERROR] Failed to load resource: the server responded with a status of 404 (Not Found) @ http://localhost:3000/about?_rsc=2Md0sTUZcnjCijMr:0
[   77997ms] [ERROR] Failed to load resource: the server responded with a status of 404 (Not Found) @ http://localhost:3000/about:0
[   80617ms] [INFO] %cDownload the React DevTools for a better development experience: https://react.dev/link/react-devtools font-weight:bold @ http://localhost:3000/_next/static/chunks/01vs_next_dist_0z7rf41._.js:2477
[   80697ms] [ERROR] WebSocket connection to 'ws://localhost:3000/_next/webpack-hmr?id=EAIeO-ViyzawLkG9hbMjW' failed: Error during WebSocket handshake: Unexpected response code: 404 @ http://localhost:3000/_next/static/chunks/01vs_next_dist_client_10-2.sc._.js:13322
[   81704ms] [ERROR] WebSocket connection to 'ws://localhost:3000/_next/webpack-hmr?id=EAIeO-ViyzawLkG9hbMjW' failed: Error during WebSocket handshake: Unexpected response code: 404 @ http://localhost:3000/_next/static/chunks/01vs_next_dist_client_10-2.sc._.js:13322
[   82708ms] [ERROR] WebSocket connection to 'ws://localhost:3000/_next/webpack-hmr?id=EAIeO-ViyzawLkG9hbMjW' failed: Error during WebSocket handshake: Unexpected response code: 404 @ http://localhost:3000/_next/static/chunks/01vs_next_dist_client_10-2.sc._.js:13322
[   83712ms] [ERROR] WebSocket connection to 'ws://localhost:3000/_next/webpack-hmr?id=EAIeO-ViyzawLkG9hbMjW' failed: Error during WebSocket handshake: Unexpected response code: 404 @ http://localhost:3000/_next/static/chunks/01vs_next_dist_client_10-2.sc._.js:13322
[   84715ms] [ERROR] WebSocket connection to 'ws://localhost:3000/_next/webpack-hmr?id=EAIeO-ViyzawLkG9hbMjW' failed: Error during WebSocket handshake: Unexpected response code: 404 @ http://localhost:3000/_next/static/chunks/01vs_next_dist_client_10-2.sc._.js:13322
[   85719ms] [ERROR] WebSocket connection to 'ws://localhost:3000/_next/webpack-hmr?id=EAIeO-ViyzawLkG9hbMjW' failed: Error during WebSocket handshake: Unexpected response code: 404 @ http://localhost:3000/_next/static/chunks/01vs_next_dist_client_10-2.sc._.js:13322
[   89529ms] [ERROR] Failed to load resource: the server responded with a status of 404 (Not Found) @ http://localhost:3000/:0
